<?xml version="1.0" encoding="UTF-8"?>
<!-- Generated by org.testng.reporters.JUnitReportReporter -->
<testsuite skipped="0" hostname="LAPTOP-0NJ29RMJ" name="goibibo_login.RoundWay" tests="8" failures="0" timestamp="2021-08-17T09:32:47 IST" time="284.497" errors="0">
  <testcase name="round" time="46.420" classname="goibibo_login.RoundWay"/>
  <testcase name="round" time="49.964" classname="goibibo_login.RoundWay"/>
  <testcase name="LoginTest" time="5.374" classname="goibibo_login.RoundWay"/>
  <testcase name="LoginTest" time="6.393" classname="goibibo_login.RoundWay"/>
  <testcase name="round" time="46.416" classname="goibibo_login.RoundWay"/>
  <testcase name="LoginTest" time="30.775" classname="goibibo_login.RoundWay"/>
  <testcase name="round" time="49.816" classname="goibibo_login.RoundWay"/>
  <testcase name="round" time="49.339" classname="goibibo_login.RoundWay"/>
</testsuite> <!-- goibibo_login.RoundWay -->
