<?xml version="1.0" encoding="UTF-8"?>
<!-- Generated by org.testng.reporters.JUnitReportReporter -->
<testsuite skipped="0" hostname="LAPTOP-0NJ29RMJ" name="goibibo_login.login" tests="4" failures="0" timestamp="2021-08-13T11:32:37 IST" time="82.156" errors="0">
  <testcase name="LoginTest" time="27.619" classname="goibibo_login.login"/>
  <testcase name="LoginTest" time="9.164" classname="goibibo_login.login"/>
  <testcase name="LoginTest" time="37.142" classname="goibibo_login.login"/>
  <testcase name="LoginTest" time="8.231" classname="goibibo_login.login"/>
</testsuite> <!-- goibibo_login.login -->
