<?xml version="1.0" encoding="UTF-8"?>
<!-- Generated by org.testng.reporters.JUnitReportReporter -->
<testsuite skipped="0" hostname="LAPTOP-0NJ29RMJ" name="goibibo_login.hotel" tests="1" failures="0" timestamp="2021-08-15T16:38:50 IST" time="26.908" errors="0">
  <testcase name="Search" time="26.908" classname="goibibo_login.hotel"/>
</testsuite> <!-- goibibo_login.hotel -->
