<?xml version="1.0" encoding="UTF-8"?>
<!-- Generated by org.testng.reporters.JUnitReportReporter -->
<testsuite skipped="0" hostname="LAPTOP-0NJ29RMJ" name="goibibo_login.OneWay" tests="1" failures="0" timestamp="2021-08-15T16:19:15 IST" time="36.501" errors="0">
  <testcase name="f" time="36.501" classname="goibibo_login.OneWay"/>
</testsuite> <!-- goibibo_login.OneWay -->
